2015-12-22 11:47:50 [-][-][-][error][yii\db\Exception] exception 'PDOException' with message 'SQLSTATE[42S01]: Base table or view already exists: 1050 Table 'user' already exists' in C:\wamp\www\eh-dev-v1\vendor\yiisoft\yii2\db\Command.php:781
Stack trace:
#0 C:\wamp\www\eh-dev-v1\vendor\yiisoft\yii2\db\Command.php(781): PDOStatement->execute()
#1 C:\wamp\www\eh-dev-v1\vendor\yiisoft\yii2\db\Migration.php(260): yii\db\Command->execute()
#2 C:\wamp\www\eh-dev-v1\vendor\dektrium\yii2-user\migrations\m140209_132017_init.php(40): yii\db\Migration->createTable('{{%user}}', Array, NULL)
#3 C:\wamp\www\eh-dev-v1\vendor\yiisoft\yii2\console\controllers\BaseMigrateController.php(492): m140209_132017_init->up()
#4 C:\wamp\www\eh-dev-v1\vendor\yiisoft\yii2\console\controllers\BaseMigrateController.php(129): yii\console\controllers\BaseMigrateController->migrateUp('m140209_132017_...')
#5 [internal function]: yii\console\controllers\BaseMigrateController->actionUp(0)
#6 C:\wamp\www\eh-dev-v1\vendor\yiisoft\yii2\base\InlineAction.php(55): call_user_func_array(Array, Array)
#7 C:\wamp\www\eh-dev-v1\vendor\yiisoft\yii2\base\Controller.php(151): yii\base\InlineAction->runWithParams(Array)
#8 C:\wamp\www\eh-dev-v1\vendor\yiisoft\yii2\console\Controller.php(91): yii\base\Controller->runAction('up', Array)
#9 C:\wamp\www\eh-dev-v1\vendor\yiisoft\yii2\base\Module.php(455): yii\console\Controller->runAction('up', Array)
#10 C:\wamp\www\eh-dev-v1\vendor\yiisoft\yii2\console\Application.php(167): yii\base\Module->runAction('migrate/up', Array)
#11 C:\wamp\www\eh-dev-v1\vendor\yiisoft\yii2\console\Application.php(143): yii\console\Application->runAction('migrate/up', Array)
#12 C:\wamp\www\eh-dev-v1\vendor\yiisoft\yii2\base\Application.php(375): yii\console\Application->handleRequest(Object(yii\console\Request))
#13 C:\wamp\www\eh-dev-v1\yii(27): yii\base\Application->run()
#14 {main}

Next exception 'yii\db\Exception' with message 'SQLSTATE[42S01]: Base table or view already exists: 1050 Table 'user' already exists
The SQL being executed was: CREATE TABLE `user` (
	`id` int(11) NOT NULL AUTO_INCREMENT PRIMARY KEY,
	`username` varchar(25) NOT NULL,
	`email` varchar(255) NOT NULL,
	`password_hash` varchar(60) NOT NULL,
	`auth_key` varchar(32) NOT NULL,
	`confirmation_token` varchar(32),
	`confirmation_sent_at` int(11),
	`confirmed_at` int(11),
	`unconfirmed_email` varchar(255),
	`recovery_token` varchar(32),
	`recovery_sent_at` int(11),
	`blocked_at` int(11),
	`registered_from` int(11),
	`logged_in_from` int(11),
	`logged_in_at` int(11),
	`created_at` int(11) NOT NULL,
	`updated_at` int(11) NOT NULL
)' in C:\wamp\www\eh-dev-v1\vendor\yiisoft\yii2\db\Schema.php:628
Stack trace:
#0 C:\wamp\www\eh-dev-v1\vendor\yiisoft\yii2\db\Command.php(791): yii\db\Schema->convertException(Object(PDOException), 'CREATE TABLE `u...')
#1 C:\wamp\www\eh-dev-v1\vendor\yiisoft\yii2\db\Migration.php(260): yii\db\Command->execute()
#2 C:\wamp\www\eh-dev-v1\vendor\dektrium\yii2-user\migrations\m140209_132017_init.php(40): yii\db\Migration->createTable('{{%user}}', Array, NULL)
#3 C:\wamp\www\eh-dev-v1\vendor\yiisoft\yii2\console\controllers\BaseMigrateController.php(492): m140209_132017_init->up()
#4 C:\wamp\www\eh-dev-v1\vendor\yiisoft\yii2\console\controllers\BaseMigrateController.php(129): yii\console\controllers\BaseMigrateController->migrateUp('m140209_132017_...')
#5 [internal function]: yii\console\controllers\BaseMigrateController->actionUp(0)
#6 C:\wamp\www\eh-dev-v1\vendor\yiisoft\yii2\base\InlineAction.php(55): call_user_func_array(Array, Array)
#7 C:\wamp\www\eh-dev-v1\vendor\yiisoft\yii2\base\Controller.php(151): yii\base\InlineAction->runWithParams(Array)
#8 C:\wamp\www\eh-dev-v1\vendor\yiisoft\yii2\console\Controller.php(91): yii\base\Controller->runAction('up', Array)
#9 C:\wamp\www\eh-dev-v1\vendor\yiisoft\yii2\base\Module.php(455): yii\console\Controller->runAction('up', Array)
#10 C:\wamp\www\eh-dev-v1\vendor\yiisoft\yii2\console\Application.php(167): yii\base\Module->runAction('migrate/up', Array)
#11 C:\wamp\www\eh-dev-v1\vendor\yiisoft\yii2\console\Application.php(143): yii\console\Application->runAction('migrate/up', Array)
#12 C:\wamp\www\eh-dev-v1\vendor\yiisoft\yii2\base\Application.php(375): yii\console\Application->handleRequest(Object(yii\console\Request))
#13 C:\wamp\www\eh-dev-v1\yii(27): yii\base\Application->run()
#14 {main}
Additional Information:
Array
(
    [0] => 42S01
    [1] => 1050
    [2] => Table 'user' already exists
)

2015-12-22 11:47:32 [-][-][-][info][application] $_SERVER = [
    'ALLUSERSPROFILE' => 'C:\\ProgramData'
    'APPDATA' => 'C:\\Users\\pom\\AppData\\Roaming'
    'asl_log' => 'Destination=file'
    'CommonProgramFiles' => 'C:\\Program Files\\Common Files'
    'CommonProgramFiles(x86)' => 'C:\\Program Files (x86)\\Common Files'
    'CommonProgramW6432' => 'C:\\Program Files\\Common Files'
    'COMPUTERNAME' => 'VARIT'
    'ComSpec' => 'C:\\Windows\\system32\\cmd.exe'
    'FP_NO_HOST_CHECK' => 'NO'
    'HOMEDRIVE' => 'C:'
    'HOMEPATH' => '\\Users\\pom'
    'LOCALAPPDATA' => 'C:\\Users\\pom\\AppData\\Local'
    'LOGONSERVER' => '\\\\VARIT'
    'NUMBER_OF_PROCESSORS' => '4'
    'OS' => 'Windows_NT'
    'Path' => 'C:\\ProgramData\\Oracle\\Java\\javapath;C:\\Windows\\system32;C:\\Windows;C:\\Windows\\system32\\wbem;C:\\Program Files (x86)\\Embarcadero\\Studio\\14.0\\bin;C:\\Users\\Public\\Documents\\Embarcadero\\Studio\\14.0\\Bpl;C:\\Program Files (x86)\\Embarcadero\\Studio\\14.0\\bin64;C:\\Users\\Public\\Documents\\Embarcadero\\Studio\\14.0\\Bpl\\Win64;C:\\Program Files\\Broadcom\\Broadcom 802.11 Network Adapter;C:\\Windows\\System32\\WindowsPowerShell\\v1.0;C:\\Program Files\\Intel\\WiFi\\bin;C:\\Program Files\\Common Files\\Intel\\WirelessCommon;C:\\Program Files (x86)\\Intel\\OpenCL SDK\\2.0\\bin\\x86;C:\\Program Files (x86)\\Intel\\OpenCL SDK\\2.0\\bin\\x64;C:\\Program Files (x86)\\Microsoft SQL Server\\100\\Tools\\Binn;C:\\Program Files\\Microsoft SQL Server\\100\\Tools\\Binn;C:\\Program Files\\Microsoft SQL Server\\100\\DTS\\Binn;C:\\Program Files (x86)\\Common Files\\Ulead Systems\\MPEG;C:\\wamp\\bin\\php\\php5.5.12;C:\\ProgramData\\ComposerSetup\\bin;C:\\Program Files (x86)\\NVIDIA Corporation\\PhysX\\Common;C:\\Program Files (x86)\\Git\\cmd;C:\\Program Files (x86)\\Git\\mingw32\\bin;C:\\Program Files (x86)\\Git\\usr\\bin;C:\\Program Files\\nodejs\\;C:\\Program Files\\Intel\\WiFi\\bin\\;C:\\Program Files\\Common Files\\Intel\\WirelessCommon\\;C:\\AppServ\\Apache2.2\\bin;C:\\AppServ\\php5;C:\\AppServ\\MySQL\\bin;C:\\Users\\pom\\AppData\\Roaming\\npm'
    'PATHEXT' => '.COM;.EXE;.BAT;.CMD;.VBS;.VBE;.JS;.JSE;.WSF;.WSH;.MSC;.PY'
    'PHP_COMMAND' => 'php.exe'
    'PROCESSOR_ARCHITECTURE' => 'AMD64'
    'PROCESSOR_IDENTIFIER' => 'Intel64 Family 6 Model 42 Stepping 7, GenuineIntel'
    'PROCESSOR_LEVEL' => '6'
    'PROCESSOR_REVISION' => '2a07'
    'ProgramData' => 'C:\\ProgramData'
    'ProgramFiles' => 'C:\\Program Files'
    'ProgramFiles(x86)' => 'C:\\Program Files (x86)'
    'ProgramW6432' => 'C:\\Program Files'
    'PROMPT' => '$P$G'
    'PSModulePath' => 'C:\\Windows\\system32\\WindowsPowerShell\\v1.0\\Modules\\'
    'PUBLIC' => 'C:\\Users\\Public'
    'SESSIONNAME' => 'Console'
    'SystemDrive' => 'C:'
    'SystemRoot' => 'C:\\Windows'
    'TEMP' => 'C:\\Users\\pom\\AppData\\Local\\Temp'
    'TMP' => 'C:\\Users\\pom\\AppData\\Local\\Temp'
    'USERDOMAIN' => 'varit'
    'USERDOMAIN_ROAMINGPROFILE' => 'varit'
    'USERNAME' => 'pom'
    'USERPROFILE' => 'C:\\Users\\pom'
    'windir' => 'C:\\Windows'
    'YII_PATH' => 'C:\\wamp\\www\\eh-dev-v1\\'
    'PHP_SELF' => 'C:\\wamp\\www\\eh-dev-v1\\yii'
    'SCRIPT_NAME' => 'C:\\wamp\\www\\eh-dev-v1\\yii'
    'SCRIPT_FILENAME' => 'C:\\wamp\\www\\eh-dev-v1\\yii'
    'PATH_TRANSLATED' => 'C:\\wamp\\www\\eh-dev-v1\\yii'
    'DOCUMENT_ROOT' => ''
    'REQUEST_TIME_FLOAT' => 1450759652.666
    'REQUEST_TIME' => 1450759652
    'argv' => [
        0 => 'C:\\wamp\\www\\eh-dev-v1\\yii'
        1 => 'migrate/up'
        2 => '--migrationPath=@vendor/dektrium/yii2-user/migrations'
    ]
    'argc' => 3
]
2016-01-11 16:25:08 [-][-][-][error][yii\base\InvalidConfigException] exception 'yii\base\InvalidConfigException' with message 'You should configure "authManager" component to use database before executing this migration.' in C:\wamp\www\eh\vendor\yiisoft\yii2\rbac\migrations\m140506_102106_rbac_init.php:28
Stack trace:
#0 C:\wamp\www\eh\vendor\yiisoft\yii2\rbac\migrations\m140506_102106_rbac_init.php(35): m140506_102106_rbac_init->getAuthManager()
#1 C:\wamp\www\eh\vendor\yiisoft\yii2\console\controllers\BaseMigrateController.php(492): m140506_102106_rbac_init->up()
#2 C:\wamp\www\eh\vendor\yiisoft\yii2\console\controllers\BaseMigrateController.php(129): yii\console\controllers\BaseMigrateController->migrateUp('m140506_102106_...')
#3 [internal function]: yii\console\controllers\BaseMigrateController->actionUp(0)
#4 C:\wamp\www\eh\vendor\yiisoft\yii2\base\InlineAction.php(55): call_user_func_array(Array, Array)
#5 C:\wamp\www\eh\vendor\yiisoft\yii2\base\Controller.php(151): yii\base\InlineAction->runWithParams(Array)
#6 C:\wamp\www\eh\vendor\yiisoft\yii2\console\Controller.php(91): yii\base\Controller->runAction('', Array)
#7 C:\wamp\www\eh\vendor\yiisoft\yii2\base\Module.php(455): yii\console\Controller->runAction('', Array)
#8 C:\wamp\www\eh\vendor\yiisoft\yii2\console\Application.php(167): yii\base\Module->runAction('migrate', Array)
#9 C:\wamp\www\eh\vendor\yiisoft\yii2\console\Application.php(143): yii\console\Application->runAction('migrate', Array)
#10 C:\wamp\www\eh\vendor\yiisoft\yii2\base\Application.php(375): yii\console\Application->handleRequest(Object(yii\console\Request))
#11 C:\wamp\www\eh\yii(27): yii\base\Application->run()
#12 {main}
2016-01-11 16:25:07 [-][-][-][info][application] $_SERVER = [
    'ALLUSERSPROFILE' => 'C:\\ProgramData'
    'APPDATA' => 'C:\\Users\\pom\\AppData\\Roaming'
    'asl_log' => 'Destination=file'
    'CommonProgramFiles' => 'C:\\Program Files\\Common Files'
    'CommonProgramFiles(x86)' => 'C:\\Program Files (x86)\\Common Files'
    'CommonProgramW6432' => 'C:\\Program Files\\Common Files'
    'COMPUTERNAME' => 'VARIT'
    'ComSpec' => 'C:\\Windows\\system32\\cmd.exe'
    'FP_NO_HOST_CHECK' => 'NO'
    'HOMEDRIVE' => 'C:'
    'HOMEPATH' => '\\Users\\pom'
    'LOCALAPPDATA' => 'C:\\Users\\pom\\AppData\\Local'
    'LOGONSERVER' => '\\\\VARIT'
    'NUMBER_OF_PROCESSORS' => '4'
    'OS' => 'Windows_NT'
    'Path' => 'C:\\ProgramData\\Oracle\\Java\\javapath;C:\\Windows\\system32;C:\\Windows;C:\\Windows\\system32\\wbem;C:\\Program Files (x86)\\Embarcadero\\Studio\\14.0\\bin;C:\\Users\\Public\\Documents\\Embarcadero\\Studio\\14.0\\Bpl;C:\\Program Files (x86)\\Embarcadero\\Studio\\14.0\\bin64;C:\\Users\\Public\\Documents\\Embarcadero\\Studio\\14.0\\Bpl\\Win64;C:\\Program Files\\Broadcom\\Broadcom 802.11 Network Adapter;C:\\Windows\\System32\\WindowsPowerShell\\v1.0;C:\\Program Files\\Intel\\WiFi\\bin;C:\\Program Files\\Common Files\\Intel\\WirelessCommon;C:\\Program Files (x86)\\Intel\\OpenCL SDK\\2.0\\bin\\x86;C:\\Program Files (x86)\\Intel\\OpenCL SDK\\2.0\\bin\\x64;C:\\Program Files (x86)\\Microsoft SQL Server\\100\\Tools\\Binn;C:\\Program Files\\Microsoft SQL Server\\100\\Tools\\Binn;C:\\Program Files\\Microsoft SQL Server\\100\\DTS\\Binn;C:\\Program Files (x86)\\Common Files\\Ulead Systems\\MPEG;C:\\wamp\\bin\\php\\php5.5.12;C:\\ProgramData\\ComposerSetup\\bin;C:\\Program Files (x86)\\NVIDIA Corporation\\PhysX\\Common;C:\\Program Files (x86)\\Git\\cmd;C:\\Program Files (x86)\\Git\\mingw32\\bin;C:\\Program Files (x86)\\Git\\usr\\bin;C:\\Program Files\\nodejs\\;C:\\Program Files\\Intel\\WiFi\\bin\\;C:\\Program Files\\Common Files\\Intel\\WirelessCommon\\;C:\\AppServ\\Apache2.2\\bin;C:\\AppServ\\php5;C:\\AppServ\\MySQL\\bin;C:\\Users\\pom\\AppData\\Roaming\\npm'
    'PATHEXT' => '.COM;.EXE;.BAT;.CMD;.VBS;.VBE;.JS;.JSE;.WSF;.WSH;.MSC;.PY'
    'PHP_COMMAND' => 'php.exe'
    'PROCESSOR_ARCHITECTURE' => 'AMD64'
    'PROCESSOR_IDENTIFIER' => 'Intel64 Family 6 Model 42 Stepping 7, GenuineIntel'
    'PROCESSOR_LEVEL' => '6'
    'PROCESSOR_REVISION' => '2a07'
    'ProgramData' => 'C:\\ProgramData'
    'ProgramFiles' => 'C:\\Program Files'
    'ProgramFiles(x86)' => 'C:\\Program Files (x86)'
    'ProgramW6432' => 'C:\\Program Files'
    'PROMPT' => '$P$G'
    'PSModulePath' => 'C:\\Windows\\system32\\WindowsPowerShell\\v1.0\\Modules\\'
    'PUBLIC' => 'C:\\Users\\Public'
    'SESSIONNAME' => 'Console'
    'SystemDrive' => 'C:'
    'SystemRoot' => 'C:\\Windows'
    'TEMP' => 'C:\\Users\\pom\\AppData\\Local\\Temp'
    'TMP' => 'C:\\Users\\pom\\AppData\\Local\\Temp'
    'USERDOMAIN' => 'varit'
    'USERDOMAIN_ROAMINGPROFILE' => 'varit'
    'USERNAME' => 'pom'
    'USERPROFILE' => 'C:\\Users\\pom'
    'windir' => 'C:\\Windows'
    'YII_PATH' => 'C:\\wamp\\www\\eh\\'
    'PHP_SELF' => 'C:\\wamp\\www\\eh\\yii'
    'SCRIPT_NAME' => 'C:\\wamp\\www\\eh\\yii'
    'SCRIPT_FILENAME' => 'C:\\wamp\\www\\eh\\yii'
    'PATH_TRANSLATED' => 'C:\\wamp\\www\\eh\\yii'
    'DOCUMENT_ROOT' => ''
    'REQUEST_TIME_FLOAT' => 1452504307.0884
    'REQUEST_TIME' => 1452504307
    'argv' => [
        0 => 'C:\\wamp\\www\\eh\\yii'
        1 => 'migrate'
        2 => '--migrationPath=@yii/rbac/migrations'
    ]
    'argc' => 3
]
